<?xml version="1.0" encoding="UTF-8"?>
<!-- Generated by org.testng.reporters.JUnitReportReporter -->
<testsuite hostname="ATMECSBLRLT-196" failures="0" tests="1" name="lambdaTest.LambdaChromeTest" time="6.838" errors="0" timestamp="2022-03-06T20:48:20 IST" skipped="0">
  <testcase classname="lambdaTest.LambdaChromeTest" name="lambdaTest" time="6.838"/>
  <system-out/>
</testsuite> <!-- lambdaTest.LambdaChromeTest -->
