<?xml version="1.0" encoding="UTF-8"?>
<!-- Generated by org.testng.reporters.JUnitReportReporter -->
<testsuite hostname="ATMECSBLRLT-196" failures="0" tests="1" name="lambdaTest.LambdaFirefoxTest" time="7.238" errors="0" timestamp="2022-03-06T20:48:20 IST" skipped="0">
  <testcase classname="lambdaTest.LambdaFirefoxTest" name="lambdaTest" time="7.238"/>
  <system-out/>
</testsuite> <!-- lambdaTest.LambdaFirefoxTest -->
